<?xml version="1.0" encoding="UTF-8"?>
<robot generator="Robot 7.1 (Python 3.12.0 on win32)" generated="2024-10-12T17:18:44.473714" rpa="false" schemaversion="5">
<suite id="s1" name="Jimms Test" source="c:\Users\Lassi\Documents\GitHub\Ohjelmistotestaus\robot\jimms_test.robot">
<test id="s1-t1" name="Test_1" line="23">
<kw name="Open Browser" owner="SeleniumLibrary">
<msg time="2024-10-12T17:18:44.779327" level="INFO">Opening browser 'Firefox' to base url 'https://www.jimms.fi/'.</msg>
<arg>https://www.jimms.fi/</arg>
<arg>Firefox</arg>
<doc>Opens a new browser instance to the optional ``url``.</doc>
<status status="PASS" start="2024-10-12T17:18:44.775317" elapsed="6.175473"/>
</kw>
<kw name="Maximize Browser Window" owner="SeleniumLibrary">
<doc>Maximizes current browser window.</doc>
<status status="PASS" start="2024-10-12T17:18:50.950790" elapsed="0.262863"/>
</kw>
<kw name="Sleep" owner="BuiltIn">
<msg time="2024-10-12T17:18:53.215615" level="INFO">Slept 2 seconds.</msg>
<arg>2</arg>
<doc>Pauses the test executed for the given time.</doc>
<status status="PASS" start="2024-10-12T17:18:51.214702" elapsed="2.000913"/>
</kw>
<kw name="Check Landing Page">
<kw name="Click Element" owner="SeleniumLibrary">
<msg time="2024-10-12T17:18:53.217786" level="INFO">Clicking element '//html/body/header/div/div[1]/jim-drilldown-mega-menu/nav/ul/li[1]/a'.</msg>
<arg>${element}</arg>
<doc>Click the element identified by ``locator``.</doc>
<status status="PASS" start="2024-10-12T17:18:53.216635" elapsed="0.334311"/>
</kw>
<kw name="Wait Until Element Is Visible" owner="SeleniumLibrary">
<arg>${H1}</arg>
<arg>timeout=10</arg>
<doc>Waits until the element ``locator`` is visible.</doc>
<status status="PASS" start="2024-10-12T17:18:53.550946" elapsed="0.072728"/>
</kw>
<kw name="Log" owner="BuiltIn">
<msg time="2024-10-12T17:18:53.624676" level="INFO">H1 XPath: xpath=//h1</msg>
<arg>H1 XPath: ${H1}</arg>
<doc>Logs the given message with the given level.</doc>
<status status="PASS" start="2024-10-12T17:18:53.624676" elapsed="0.000000"/>
</kw>
<kw name="Get Text" owner="SeleniumLibrary">
<msg time="2024-10-12T17:18:53.705596" level="INFO">${h1_text} = Tietokoneet</msg>
<var>${h1_text}</var>
<arg>${H1}</arg>
<doc>Returns the text value of the element identified by ``locator``.</doc>
<status status="PASS" start="2024-10-12T17:18:53.624676" elapsed="0.080920"/>
</kw>
<kw name="Log" owner="BuiltIn">
<msg time="2024-10-12T17:18:53.706607" level="INFO">Retrieved H1 text: Tietokoneet</msg>
<arg>Retrieved H1 text: ${h1_text}</arg>
<doc>Logs the given message with the given level.</doc>
<status status="PASS" start="2024-10-12T17:18:53.706607" elapsed="0.000000"/>
</kw>
<kw name="Run Keyword If" owner="BuiltIn">
<kw name="Log" owner="BuiltIn">
<msg time="2024-10-12T17:18:53.706607" level="INFO">Landing page for 'Tietokoneet' found</msg>
<arg>Landing page for '${expected_text}' found</arg>
<doc>Logs the given message with the given level.</doc>
<status status="PASS" start="2024-10-12T17:18:53.706607" elapsed="0.000994"/>
</kw>
<arg>'${expected_text}' in '${h1_text}'</arg>
<arg>Log</arg>
<arg>Landing page for '${expected_text}' found</arg>
<arg>ELSE</arg>
<arg>Log</arg>
<arg>There is no landing page for '${expected_text}'</arg>
<doc>Runs the given keyword with the given arguments, if ``condition`` is true.</doc>
<status status="PASS" start="2024-10-12T17:18:53.706607" elapsed="0.000994"/>
</kw>
<arg>${Tietokoneet}</arg>
<arg>Tietokoneet</arg>
<status status="PASS" start="2024-10-12T17:18:53.216635" elapsed="0.491133"/>
</kw>
<kw name="Check Landing Page">
<kw name="Click Element" owner="SeleniumLibrary">
<msg time="2024-10-12T17:18:53.708769" level="INFO">Clicking element '//html/body/header/div/div[1]/jim-drilldown-mega-menu/nav/ul/li[2]/a'.</msg>
<arg>${element}</arg>
<doc>Click the element identified by ``locator``.</doc>
<status status="PASS" start="2024-10-12T17:18:53.707768" elapsed="0.361787"/>
</kw>
<kw name="Wait Until Element Is Visible" owner="SeleniumLibrary">
<arg>${H1}</arg>
<arg>timeout=10</arg>
<doc>Waits until the element ``locator`` is visible.</doc>
<status status="PASS" start="2024-10-12T17:18:54.069555" elapsed="0.060872"/>
</kw>
<kw name="Log" owner="BuiltIn">
<msg time="2024-10-12T17:18:54.131424" level="INFO">H1 XPath: xpath=//h1</msg>
<arg>H1 XPath: ${H1}</arg>
<doc>Logs the given message with the given level.</doc>
<status status="PASS" start="2024-10-12T17:18:54.131424" elapsed="0.000000"/>
</kw>
<kw name="Get Text" owner="SeleniumLibrary">
<msg time="2024-10-12T17:18:54.235457" level="INFO">${h1_text} = Komponentit</msg>
<var>${h1_text}</var>
<arg>${H1}</arg>
<doc>Returns the text value of the element identified by ``locator``.</doc>
<status status="PASS" start="2024-10-12T17:18:54.132425" elapsed="0.103032"/>
</kw>
<kw name="Log" owner="BuiltIn">
<msg time="2024-10-12T17:18:54.236470" level="INFO">Retrieved H1 text: Komponentit</msg>
<arg>Retrieved H1 text: ${h1_text}</arg>
<doc>Logs the given message with the given level.</doc>
<status status="PASS" start="2024-10-12T17:18:54.236470" elapsed="0.000000"/>
</kw>
<kw name="Run Keyword If" owner="BuiltIn">
<kw name="Log" owner="BuiltIn">
<msg time="2024-10-12T17:18:54.236470" level="INFO">Landing page for 'Komponentit' found</msg>
<arg>Landing page for '${expected_text}' found</arg>
<doc>Logs the given message with the given level.</doc>
<status status="PASS" start="2024-10-12T17:18:54.236470" elapsed="0.000997"/>
</kw>
<arg>'${expected_text}' in '${h1_text}'</arg>
<arg>Log</arg>
<arg>Landing page for '${expected_text}' found</arg>
<arg>ELSE</arg>
<arg>Log</arg>
<arg>There is no landing page for '${expected_text}'</arg>
<doc>Runs the given keyword with the given arguments, if ``condition`` is true.</doc>
<status status="PASS" start="2024-10-12T17:18:54.236470" elapsed="0.001052"/>
</kw>
<arg>${Komponentit}</arg>
<arg>Komponentit</arg>
<status status="PASS" start="2024-10-12T17:18:53.707768" elapsed="0.529839"/>
</kw>
<kw name="Check Landing Page">
<kw name="Click Element" owner="SeleniumLibrary">
<msg time="2024-10-12T17:18:54.239613" level="INFO">Clicking element '//html/body/header/div/div[1]/jim-drilldown-mega-menu/nav/ul/li[3]/a'.</msg>
<arg>${element}</arg>
<doc>Click the element identified by ``locator``.</doc>
<status status="PASS" start="2024-10-12T17:18:54.238614" elapsed="0.423958"/>
</kw>
<kw name="Wait Until Element Is Visible" owner="SeleniumLibrary">
<arg>${H1}</arg>
<arg>timeout=10</arg>
<doc>Waits until the element ``locator`` is visible.</doc>
<status status="PASS" start="2024-10-12T17:18:54.662572" elapsed="0.080817"/>
</kw>
<kw name="Log" owner="BuiltIn">
<msg time="2024-10-12T17:18:54.744391" level="INFO">H1 XPath: xpath=//h1</msg>
<arg>H1 XPath: ${H1}</arg>
<doc>Logs the given message with the given level.</doc>
<status status="PASS" start="2024-10-12T17:18:54.744391" elapsed="0.000000"/>
</kw>
<kw name="Get Text" owner="SeleniumLibrary">
<msg time="2024-10-12T17:18:54.823651" level="INFO">${h1_text} = Oheislaitteet</msg>
<var>${h1_text}</var>
<arg>${H1}</arg>
<doc>Returns the text value of the element identified by ``locator``.</doc>
<status status="PASS" start="2024-10-12T17:18:54.745393" elapsed="0.078258"/>
</kw>
<kw name="Log" owner="BuiltIn">
<msg time="2024-10-12T17:18:54.824647" level="INFO">Retrieved H1 text: Oheislaitteet</msg>
<arg>Retrieved H1 text: ${h1_text}</arg>
<doc>Logs the given message with the given level.</doc>
<status status="PASS" start="2024-10-12T17:18:54.824647" elapsed="0.000000"/>
</kw>
<kw name="Run Keyword If" owner="BuiltIn">
<kw name="Log" owner="BuiltIn">
<msg time="2024-10-12T17:18:54.824647" level="INFO">Landing page for 'Oheislaitteet' found</msg>
<arg>Landing page for '${expected_text}' found</arg>
<doc>Logs the given message with the given level.</doc>
<status status="PASS" start="2024-10-12T17:18:54.824647" elapsed="0.000000"/>
</kw>
<arg>'${expected_text}' in '${h1_text}'</arg>
<arg>Log</arg>
<arg>Landing page for '${expected_text}' found</arg>
<arg>ELSE</arg>
<arg>Log</arg>
<arg>There is no landing page for '${expected_text}'</arg>
<doc>Runs the given keyword with the given arguments, if ``condition`` is true.</doc>
<status status="PASS" start="2024-10-12T17:18:54.824647" elapsed="0.001008"/>
</kw>
<arg>${Oheislaitteet}</arg>
<arg>Oheislaitteet</arg>
<status status="PASS" start="2024-10-12T17:18:54.237607" elapsed="0.588048"/>
</kw>
<kw name="Check Landing Page">
<kw name="Click Element" owner="SeleniumLibrary">
<msg time="2024-10-12T17:18:54.826652" level="INFO">Clicking element '//html/body/header/div/div[1]/jim-drilldown-mega-menu/nav/ul/li[4]/a'.</msg>
<arg>${element}</arg>
<doc>Click the element identified by ``locator``.</doc>
<status status="PASS" start="2024-10-12T17:18:54.826652" elapsed="0.305836"/>
</kw>
<kw name="Wait Until Element Is Visible" owner="SeleniumLibrary">
<arg>${H1}</arg>
<arg>timeout=10</arg>
<doc>Waits until the element ``locator`` is visible.</doc>
<status status="PASS" start="2024-10-12T17:18:55.132488" elapsed="0.124030"/>
</kw>
<kw name="Log" owner="BuiltIn">
<msg time="2024-10-12T17:18:55.257690" level="INFO">H1 XPath: xpath=//h1</msg>
<arg>H1 XPath: ${H1}</arg>
<doc>Logs the given message with the given level.</doc>
<status status="PASS" start="2024-10-12T17:18:55.257690" elapsed="0.000000"/>
</kw>
<kw name="Get Text" owner="SeleniumLibrary">
<msg time="2024-10-12T17:18:55.290467" level="INFO">${h1_text} = Pelaaminen</msg>
<var>${h1_text}</var>
<arg>${H1}</arg>
<doc>Returns the text value of the element identified by ``locator``.</doc>
<status status="PASS" start="2024-10-12T17:18:55.257690" elapsed="0.032777"/>
</kw>
<kw name="Log" owner="BuiltIn">
<msg time="2024-10-12T17:18:55.290467" level="INFO">Retrieved H1 text: Pelaaminen</msg>
<arg>Retrieved H1 text: ${h1_text}</arg>
<doc>Logs the given message with the given level.</doc>
<status status="PASS" start="2024-10-12T17:18:55.290467" elapsed="0.000000"/>
</kw>
<kw name="Run Keyword If" owner="BuiltIn">
<kw name="Log" owner="BuiltIn">
<msg time="2024-10-12T17:18:55.291467" level="INFO">Landing page for 'Pelaaminen' found</msg>
<arg>Landing page for '${expected_text}' found</arg>
<doc>Logs the given message with the given level.</doc>
<status status="PASS" start="2024-10-12T17:18:55.291467" elapsed="0.000000"/>
</kw>
<arg>'${expected_text}' in '${h1_text}'</arg>
<arg>Log</arg>
<arg>Landing page for '${expected_text}' found</arg>
<arg>ELSE</arg>
<arg>Log</arg>
<arg>There is no landing page for '${expected_text}'</arg>
<doc>Runs the given keyword with the given arguments, if ``condition`` is true.</doc>
<status status="PASS" start="2024-10-12T17:18:55.290467" elapsed="0.001000"/>
</kw>
<arg>${Pelaaminen}</arg>
<arg>Pelaaminen</arg>
<status status="PASS" start="2024-10-12T17:18:54.825655" elapsed="0.465812"/>
</kw>
<kw name="Check Landing Page">
<kw name="Click Element" owner="SeleniumLibrary">
<msg time="2024-10-12T17:18:55.293463" level="INFO">Clicking element '//html/body/header/div/div[1]/jim-drilldown-mega-menu/nav/ul/li[5]/a'.</msg>
<arg>${element}</arg>
<doc>Click the element identified by ``locator``.</doc>
<status status="PASS" start="2024-10-12T17:18:55.292467" elapsed="0.290877"/>
</kw>
<kw name="Wait Until Element Is Visible" owner="SeleniumLibrary">
<arg>${H1}</arg>
<arg>timeout=10</arg>
<doc>Waits until the element ``locator`` is visible.</doc>
<status status="PASS" start="2024-10-12T17:18:55.583344" elapsed="0.122111"/>
</kw>
<kw name="Log" owner="BuiltIn">
<msg time="2024-10-12T17:18:55.705455" level="INFO">H1 XPath: xpath=//h1</msg>
<arg>H1 XPath: ${H1}</arg>
<doc>Logs the given message with the given level.</doc>
<status status="PASS" start="2024-10-12T17:18:55.705455" elapsed="0.000000"/>
</kw>
<kw name="Get Text" owner="SeleniumLibrary">
<msg time="2024-10-12T17:18:55.730388" level="INFO">${h1_text} = Sim Racing</msg>
<var>${h1_text}</var>
<arg>${H1}</arg>
<doc>Returns the text value of the element identified by ``locator``.</doc>
<status status="PASS" start="2024-10-12T17:18:55.706444" elapsed="0.023944"/>
</kw>
<kw name="Log" owner="BuiltIn">
<msg time="2024-10-12T17:18:55.731393" level="INFO">Retrieved H1 text: Sim Racing</msg>
<arg>Retrieved H1 text: ${h1_text}</arg>
<doc>Logs the given message with the given level.</doc>
<status status="PASS" start="2024-10-12T17:18:55.731393" elapsed="0.000000"/>
</kw>
<kw name="Run Keyword If" owner="BuiltIn">
<kw name="Log" owner="BuiltIn">
<msg time="2024-10-12T17:18:55.732390" level="INFO">There is no landing page for 'Sim_Racing'</msg>
<arg>There is no landing page for '${expected_text}'</arg>
<doc>Logs the given message with the given level.</doc>
<status status="PASS" start="2024-10-12T17:18:55.731393" elapsed="0.000997"/>
</kw>
<arg>'${expected_text}' in '${h1_text}'</arg>
<arg>Log</arg>
<arg>Landing page for '${expected_text}' found</arg>
<arg>ELSE</arg>
<arg>Log</arg>
<arg>There is no landing page for '${expected_text}'</arg>
<doc>Runs the given keyword with the given arguments, if ``condition`` is true.</doc>
<status status="PASS" start="2024-10-12T17:18:55.731393" elapsed="0.000997"/>
</kw>
<arg>${Sim_Racing}</arg>
<arg>Sim_Racing</arg>
<status status="PASS" start="2024-10-12T17:18:55.292467" elapsed="0.439923"/>
</kw>
<kw name="Check Landing Page">
<kw name="Click Element" owner="SeleniumLibrary">
<msg time="2024-10-12T17:18:55.733390" level="INFO">Clicking element '//html/body/header/div/div[1]/jim-drilldown-mega-menu/nav/ul/li[6]/a'.</msg>
<arg>${element}</arg>
<doc>Click the element identified by ``locator``.</doc>
<status status="PASS" start="2024-10-12T17:18:55.733390" elapsed="0.328228"/>
</kw>
<kw name="Wait Until Element Is Visible" owner="SeleniumLibrary">
<arg>${H1}</arg>
<arg>timeout=10</arg>
<doc>Waits until the element ``locator`` is visible.</doc>
<status status="PASS" start="2024-10-12T17:18:56.061618" elapsed="0.112041"/>
</kw>
<kw name="Log" owner="BuiltIn">
<msg time="2024-10-12T17:18:56.174659" level="INFO">H1 XPath: xpath=//h1</msg>
<arg>H1 XPath: ${H1}</arg>
<doc>Logs the given message with the given level.</doc>
<status status="PASS" start="2024-10-12T17:18:56.173659" elapsed="0.001000"/>
</kw>
<kw name="Get Text" owner="SeleniumLibrary">
<msg time="2024-10-12T17:18:56.232886" level="INFO">${h1_text} = Verkkotuotteet</msg>
<var>${h1_text}</var>
<arg>${H1}</arg>
<doc>Returns the text value of the element identified by ``locator``.</doc>
<status status="PASS" start="2024-10-12T17:18:56.174659" elapsed="0.058227"/>
</kw>
<kw name="Log" owner="BuiltIn">
<msg time="2024-10-12T17:18:56.233876" level="INFO">Retrieved H1 text: Verkkotuotteet</msg>
<arg>Retrieved H1 text: ${h1_text}</arg>
<doc>Logs the given message with the given level.</doc>
<status status="PASS" start="2024-10-12T17:18:56.233876" elapsed="0.000000"/>
</kw>
<kw name="Run Keyword If" owner="BuiltIn">
<kw name="Log" owner="BuiltIn">
<msg time="2024-10-12T17:18:56.234878" level="INFO">Landing page for 'Verkkotuotteet' found</msg>
<arg>Landing page for '${expected_text}' found</arg>
<doc>Logs the given message with the given level.</doc>
<status status="PASS" start="2024-10-12T17:18:56.234878" elapsed="0.000000"/>
</kw>
<arg>'${expected_text}' in '${h1_text}'</arg>
<arg>Log</arg>
<arg>Landing page for '${expected_text}' found</arg>
<arg>ELSE</arg>
<arg>Log</arg>
<arg>There is no landing page for '${expected_text}'</arg>
<doc>Runs the given keyword with the given arguments, if ``condition`` is true.</doc>
<status status="PASS" start="2024-10-12T17:18:56.234878" elapsed="0.000000"/>
</kw>
<arg>${Verkkotuotteet}</arg>
<arg>Verkkotuotteet</arg>
<status status="PASS" start="2024-10-12T17:18:55.733390" elapsed="0.501488"/>
</kw>
<kw name="Check Landing Page">
<kw name="Click Element" owner="SeleniumLibrary">
<msg time="2024-10-12T17:18:56.235879" level="INFO">Clicking element '//html/body/header/div/div[1]/jim-drilldown-mega-menu/nav/ul/li[7]/a'.</msg>
<arg>${element}</arg>
<doc>Click the element identified by ``locator``.</doc>
<status status="PASS" start="2024-10-12T17:18:56.235879" elapsed="0.356553"/>
</kw>
<kw name="Wait Until Element Is Visible" owner="SeleniumLibrary">
<arg>${H1}</arg>
<arg>timeout=10</arg>
<doc>Waits until the element ``locator`` is visible.</doc>
<status status="PASS" start="2024-10-12T17:18:56.593430" elapsed="0.134951"/>
</kw>
<kw name="Log" owner="BuiltIn">
<msg time="2024-10-12T17:18:56.728603" level="INFO">H1 XPath: xpath=//h1</msg>
<arg>H1 XPath: ${H1}</arg>
<doc>Logs the given message with the given level.</doc>
<status status="PASS" start="2024-10-12T17:18:56.728603" elapsed="0.000000"/>
</kw>
<kw name="Get Text" owner="SeleniumLibrary">
<msg time="2024-10-12T17:18:56.749395" level="INFO">${h1_text} = Tarvikkeet</msg>
<var>${h1_text}</var>
<arg>${H1}</arg>
<doc>Returns the text value of the element identified by ``locator``.</doc>
<status status="PASS" start="2024-10-12T17:18:56.729429" elapsed="0.019966"/>
</kw>
<kw name="Log" owner="BuiltIn">
<msg time="2024-10-12T17:18:56.750400" level="INFO">Retrieved H1 text: Tarvikkeet</msg>
<arg>Retrieved H1 text: ${h1_text}</arg>
<doc>Logs the given message with the given level.</doc>
<status status="PASS" start="2024-10-12T17:18:56.750400" elapsed="0.000000"/>
</kw>
<kw name="Run Keyword If" owner="BuiltIn">
<kw name="Log" owner="BuiltIn">
<msg time="2024-10-12T17:18:56.750400" level="INFO">Landing page for 'Tarvikkeet' found</msg>
<arg>Landing page for '${expected_text}' found</arg>
<doc>Logs the given message with the given level.</doc>
<status status="PASS" start="2024-10-12T17:18:56.750400" elapsed="0.001002"/>
</kw>
<arg>'${expected_text}' in '${h1_text}'</arg>
<arg>Log</arg>
<arg>Landing page for '${expected_text}' found</arg>
<arg>ELSE</arg>
<arg>Log</arg>
<arg>There is no landing page for '${expected_text}'</arg>
<doc>Runs the given keyword with the given arguments, if ``condition`` is true.</doc>
<status status="PASS" start="2024-10-12T17:18:56.750400" elapsed="0.001002"/>
</kw>
<arg>${Tarvikkeet}</arg>
<arg>Tarvikkeet</arg>
<status status="PASS" start="2024-10-12T17:18:56.235879" elapsed="0.515523"/>
</kw>
<kw name="Check Landing Page">
<kw name="Click Element" owner="SeleniumLibrary">
<msg time="2024-10-12T17:18:56.753412" level="INFO">Clicking element '//html/body/header/div/div[1]/jim-drilldown-mega-menu/nav/ul/li[8]/a'.</msg>
<arg>${element}</arg>
<doc>Click the element identified by ``locator``.</doc>
<status status="PASS" start="2024-10-12T17:18:56.752416" elapsed="0.350518"/>
</kw>
<kw name="Wait Until Element Is Visible" owner="SeleniumLibrary">
<arg>${H1}</arg>
<arg>timeout=10</arg>
<doc>Waits until the element ``locator`` is visible.</doc>
<status status="PASS" start="2024-10-12T17:18:57.102934" elapsed="0.122732"/>
</kw>
<kw name="Log" owner="BuiltIn">
<msg time="2024-10-12T17:18:57.226662" level="INFO">H1 XPath: xpath=//h1</msg>
<arg>H1 XPath: ${H1}</arg>
<doc>Logs the given message with the given level.</doc>
<status status="PASS" start="2024-10-12T17:18:57.226662" elapsed="0.000000"/>
</kw>
<kw name="Get Text" owner="SeleniumLibrary">
<msg time="2024-10-12T17:18:57.248535" level="INFO">${h1_text} = Jäähdytys- ja erikoistuotteet</msg>
<var>${h1_text}</var>
<arg>${H1}</arg>
<doc>Returns the text value of the element identified by ``locator``.</doc>
<status status="PASS" start="2024-10-12T17:18:57.226662" elapsed="0.021873"/>
</kw>
<kw name="Log" owner="BuiltIn">
<msg time="2024-10-12T17:18:57.248535" level="INFO">Retrieved H1 text: Jäähdytys- ja erikoistuotteet</msg>
<arg>Retrieved H1 text: ${h1_text}</arg>
<doc>Logs the given message with the given level.</doc>
<status status="PASS" start="2024-10-12T17:18:57.248535" elapsed="0.000000"/>
</kw>
<kw name="Run Keyword If" owner="BuiltIn">
<kw name="Log" owner="BuiltIn">
<msg time="2024-10-12T17:18:57.249395" level="INFO">There is no landing page for 'Erikoistuotteet'</msg>
<arg>There is no landing page for '${expected_text}'</arg>
<doc>Logs the given message with the given level.</doc>
<status status="PASS" start="2024-10-12T17:18:57.249395" elapsed="0.000000"/>
</kw>
<arg>'${expected_text}' in '${h1_text}'</arg>
<arg>Log</arg>
<arg>Landing page for '${expected_text}' found</arg>
<arg>ELSE</arg>
<arg>Log</arg>
<arg>There is no landing page for '${expected_text}'</arg>
<doc>Runs the given keyword with the given arguments, if ``condition`` is true.</doc>
<status status="PASS" start="2024-10-12T17:18:57.249395" elapsed="0.000000"/>
</kw>
<arg>${Erikoistuotteet}</arg>
<arg>Erikoistuotteet</arg>
<status status="PASS" start="2024-10-12T17:18:56.751402" elapsed="0.497993"/>
</kw>
<kw name="Check Landing Page">
<kw name="Click Element" owner="SeleniumLibrary">
<msg time="2024-10-12T17:18:57.251508" level="INFO">Clicking element '//html/body/header/div/div[1]/jim-drilldown-mega-menu/nav/ul/li[9]/a'.</msg>
<arg>${element}</arg>
<doc>Click the element identified by ``locator``.</doc>
<status status="PASS" start="2024-10-12T17:18:57.250505" elapsed="0.290069"/>
</kw>
<kw name="Wait Until Element Is Visible" owner="SeleniumLibrary">
<arg>${H1}</arg>
<arg>timeout=10</arg>
<doc>Waits until the element ``locator`` is visible.</doc>
<status status="PASS" start="2024-10-12T17:18:57.541574" elapsed="0.216735"/>
</kw>
<kw name="Log" owner="BuiltIn">
<msg time="2024-10-12T17:18:57.759560" level="INFO">H1 XPath: xpath=//h1</msg>
<arg>H1 XPath: ${H1}</arg>
<doc>Logs the given message with the given level.</doc>
<status status="PASS" start="2024-10-12T17:18:57.758835" elapsed="0.001230"/>
</kw>
<kw name="Get Text" owner="SeleniumLibrary">
<msg time="2024-10-12T17:18:57.785035" level="INFO">${h1_text} = Ohjelmistot ja pelit</msg>
<var>${h1_text}</var>
<arg>${H1}</arg>
<doc>Returns the text value of the element identified by ``locator``.</doc>
<status status="PASS" start="2024-10-12T17:18:57.760593" elapsed="0.024442"/>
</kw>
<kw name="Log" owner="BuiltIn">
<msg time="2024-10-12T17:18:57.785582" level="INFO">Retrieved H1 text: Ohjelmistot ja pelit</msg>
<arg>Retrieved H1 text: ${h1_text}</arg>
<doc>Logs the given message with the given level.</doc>
<status status="PASS" start="2024-10-12T17:18:57.785035" elapsed="0.000547"/>
</kw>
<kw name="Run Keyword If" owner="BuiltIn">
<kw name="Log" owner="BuiltIn">
<msg time="2024-10-12T17:18:57.786101" level="INFO">Landing page for 'Ohjelmistot' found</msg>
<arg>Landing page for '${expected_text}' found</arg>
<doc>Logs the given message with the given level.</doc>
<status status="PASS" start="2024-10-12T17:18:57.786101" elapsed="0.000525"/>
</kw>
<arg>'${expected_text}' in '${h1_text}'</arg>
<arg>Log</arg>
<arg>Landing page for '${expected_text}' found</arg>
<arg>ELSE</arg>
<arg>Log</arg>
<arg>There is no landing page for '${expected_text}'</arg>
<doc>Runs the given keyword with the given arguments, if ``condition`` is true.</doc>
<status status="PASS" start="2024-10-12T17:18:57.785582" elapsed="0.001044"/>
</kw>
<arg>${Ohjelmistot}</arg>
<arg>Ohjelmistot</arg>
<status status="PASS" start="2024-10-12T17:18:57.250505" elapsed="0.536121"/>
</kw>
<kw name="Check Landing Page">
<kw name="Click Element" owner="SeleniumLibrary">
<msg time="2024-10-12T17:18:57.789010" level="INFO">Clicking element '//html/body/header/div/div[1]/jim-drilldown-mega-menu/nav/ul/li[10]/a'.</msg>
<arg>${element}</arg>
<doc>Click the element identified by ``locator``.</doc>
<status status="PASS" start="2024-10-12T17:18:57.788485" elapsed="0.349217"/>
</kw>
<kw name="Wait Until Element Is Visible" owner="SeleniumLibrary">
<arg>${H1}</arg>
<arg>timeout=10</arg>
<doc>Waits until the element ``locator`` is visible.</doc>
<status status="PASS" start="2024-10-12T17:18:58.137702" elapsed="0.118962"/>
</kw>
<kw name="Log" owner="BuiltIn">
<msg time="2024-10-12T17:18:58.257786" level="INFO">H1 XPath: xpath=//h1</msg>
<arg>H1 XPath: ${H1}</arg>
<doc>Logs the given message with the given level.</doc>
<status status="PASS" start="2024-10-12T17:18:58.257786" elapsed="0.000000"/>
</kw>
<kw name="Get Text" owner="SeleniumLibrary">
<msg time="2024-10-12T17:18:58.284604" level="INFO">${h1_text} = Palvelut</msg>
<var>${h1_text}</var>
<arg>${H1}</arg>
<doc>Returns the text value of the element identified by ``locator``.</doc>
<status status="PASS" start="2024-10-12T17:18:58.257786" elapsed="0.026818"/>
</kw>
<kw name="Log" owner="BuiltIn">
<msg time="2024-10-12T17:18:58.285604" level="INFO">Retrieved H1 text: Palvelut</msg>
<arg>Retrieved H1 text: ${h1_text}</arg>
<doc>Logs the given message with the given level.</doc>
<status status="PASS" start="2024-10-12T17:18:58.285604" elapsed="0.000000"/>
</kw>
<kw name="Run Keyword If" owner="BuiltIn">
<kw name="Log" owner="BuiltIn">
<msg time="2024-10-12T17:18:58.286605" level="INFO">Landing page for 'Palvelut' found</msg>
<arg>Landing page for '${expected_text}' found</arg>
<doc>Logs the given message with the given level.</doc>
<status status="PASS" start="2024-10-12T17:18:58.286605" elapsed="0.000995"/>
</kw>
<arg>'${expected_text}' in '${h1_text}'</arg>
<arg>Log</arg>
<arg>Landing page for '${expected_text}' found</arg>
<arg>ELSE</arg>
<arg>Log</arg>
<arg>There is no landing page for '${expected_text}'</arg>
<doc>Runs the given keyword with the given arguments, if ``condition`` is true.</doc>
<status status="PASS" start="2024-10-12T17:18:58.285604" elapsed="0.001996"/>
</kw>
<arg>${Palvelut}</arg>
<arg>Palvelut</arg>
<status status="PASS" start="2024-10-12T17:18:57.787428" elapsed="0.500172"/>
</kw>
<kw name="Check Landing Page">
<kw name="Click Element" owner="SeleniumLibrary">
<msg time="2024-10-12T17:18:58.288936" level="INFO">Clicking element '//html/body/header/div/div[1]/jim-drilldown-mega-menu/nav/ul/li[11]/a'.</msg>
<arg>${element}</arg>
<doc>Click the element identified by ``locator``.</doc>
<status status="PASS" start="2024-10-12T17:18:58.288936" elapsed="0.236808"/>
</kw>
<kw name="Wait Until Element Is Visible" owner="SeleniumLibrary">
<arg>${H1}</arg>
<arg>timeout=10</arg>
<doc>Waits until the element ``locator`` is visible.</doc>
<status status="PASS" start="2024-10-12T17:18:58.525744" elapsed="0.010747"/>
</kw>
<kw name="Log" owner="BuiltIn">
<msg time="2024-10-12T17:18:58.537688" level="INFO">H1 XPath: xpath=//h1</msg>
<arg>H1 XPath: ${H1}</arg>
<doc>Logs the given message with the given level.</doc>
<status status="PASS" start="2024-10-12T17:18:58.537540" elapsed="0.000148"/>
</kw>
<kw name="Get Text" owner="SeleniumLibrary">
<msg time="2024-10-12T17:18:58.557485" level="INFO">${h1_text} = Palvelut</msg>
<var>${h1_text}</var>
<arg>${H1}</arg>
<doc>Returns the text value of the element identified by ``locator``.</doc>
<status status="PASS" start="2024-10-12T17:18:58.538691" elapsed="0.018794"/>
</kw>
<kw name="Log" owner="BuiltIn">
<msg time="2024-10-12T17:18:58.558487" level="INFO">Retrieved H1 text: Palvelut</msg>
<arg>Retrieved H1 text: ${h1_text}</arg>
<doc>Logs the given message with the given level.</doc>
<status status="PASS" start="2024-10-12T17:18:58.558487" elapsed="0.000995"/>
</kw>
<kw name="Run Keyword If" owner="BuiltIn">
<kw name="Log" owner="BuiltIn">
<msg time="2024-10-12T17:18:58.561000" level="INFO">There is no landing page for 'Kampanjat'</msg>
<arg>There is no landing page for '${expected_text}'</arg>
<doc>Logs the given message with the given level.</doc>
<status status="PASS" start="2024-10-12T17:18:58.561000" elapsed="0.000000"/>
</kw>
<arg>'${expected_text}' in '${h1_text}'</arg>
<arg>Log</arg>
<arg>Landing page for '${expected_text}' found</arg>
<arg>ELSE</arg>
<arg>Log</arg>
<arg>There is no landing page for '${expected_text}'</arg>
<doc>Runs the given keyword with the given arguments, if ``condition`` is true.</doc>
<status status="PASS" start="2024-10-12T17:18:58.559987" elapsed="0.002018"/>
</kw>
<arg>${Kampanjat}</arg>
<arg>Kampanjat</arg>
<status status="PASS" start="2024-10-12T17:18:58.287600" elapsed="0.274405"/>
</kw>
<status status="PASS" start="2024-10-12T17:18:44.772313" elapsed="13.789692"/>
</test>
<status status="PASS" start="2024-10-12T17:18:44.481229" elapsed="14.081779"/>
</suite>
<statistics>
<total>
<stat pass="1" fail="0" skip="0">All Tests</stat>
</total>
<tag>
</tag>
<suite>
<stat pass="1" fail="0" skip="0" id="s1" name="Jimms Test">Jimms Test</stat>
</suite>
</statistics>
<errors>
</errors>
</robot>
