<?xml version="1.0" encoding="UTF-8"?>
<robot generator="Robot 7.1 (Python 3.12.0 on win32)" generated="2024-10-15T12:30:42.350542" rpa="false" schemaversion="5">
<suite id="s1" name="Jimms Test" source="c:\Users\Lassi\Documents\GitHub\Ohjelmistotestaus\robot\jimms_test.robot">
<test id="s1-t1" name="Test_4" line="75">
<kw name="Open Browser" owner="SeleniumLibrary">
<msg time="2024-10-15T12:30:42.617790" level="INFO">Opening browser 'Firefox' to base url 'https://www.jimms.fi/'.</msg>
<arg>https://www.jimms.fi/</arg>
<arg>Firefox</arg>
<doc>Opens a new browser instance to the optional ``url``.</doc>
<status status="PASS" start="2024-10-15T12:30:42.615784" elapsed="7.087759"/>
</kw>
<kw name="Maximize Browser Window" owner="SeleniumLibrary">
<doc>Maximizes current browser window.</doc>
<status status="PASS" start="2024-10-15T12:30:49.704553" elapsed="0.267908"/>
</kw>
<kw name="Sleep" owner="BuiltIn">
<msg time="2024-10-15T12:30:51.974871" level="INFO">Slept 2 seconds.</msg>
<arg>2</arg>
<doc>Pauses the test executed for the given time.</doc>
<status status="PASS" start="2024-10-15T12:30:49.974449" elapsed="2.000422"/>
</kw>
<kw name="Click Element" owner="SeleniumLibrary">
<msg time="2024-10-15T12:30:51.975391" level="INFO">Clicking element 'xpath://html/body/header/div/div[1]/jim-drilldown-mega-menu/nav/ul/li[2]/a'.</msg>
<arg>xpath://html/body/header/div/div[1]/jim-drilldown-mega-menu/nav/ul/li[2]/a</arg>
<doc>Click the element identified by ``locator``.</doc>
<status status="PASS" start="2024-10-15T12:30:51.975391" elapsed="0.403730"/>
</kw>
<kw name="Sleep" owner="BuiltIn">
<msg time="2024-10-15T12:30:54.381337" level="INFO">Slept 2 seconds.</msg>
<arg>2</arg>
<doc>Pauses the test executed for the given time.</doc>
<status status="PASS" start="2024-10-15T12:30:52.381137" elapsed="2.000200"/>
</kw>
<kw name="Click Element" owner="SeleniumLibrary">
<msg time="2024-10-15T12:30:54.381855" level="INFO">Clicking element 'xpath://html/body/main/div[2]/div/div[1]/filtermenu/div/div[2]/div/div/div[2]/div/ul/li[12]/div/div/a/i'.</msg>
<arg>xpath://html/body/main/div[2]/div/div[1]/filtermenu/div/div[2]/div/div/div[2]/div/ul/li[12]/div/div/a/i</arg>
<doc>Click the element identified by ``locator``.</doc>
<status status="PASS" start="2024-10-15T12:30:54.381855" elapsed="0.388031"/>
</kw>
<kw name="Sleep" owner="BuiltIn">
<msg time="2024-10-15T12:30:56.771102" level="INFO">Slept 2 seconds.</msg>
<arg>2</arg>
<doc>Pauses the test executed for the given time.</doc>
<status status="PASS" start="2024-10-15T12:30:54.770887" elapsed="2.000215"/>
</kw>
<kw name="Click Element" owner="SeleniumLibrary">
<msg time="2024-10-15T12:30:56.772114" level="INFO">Clicking element 'xpath://html/body/main/div[2]/div/div[1]/filtermenu/div/div[2]/div[3]/div[3]/div[1]/i[2]'.</msg>
<arg>xpath://html/body/main/div[2]/div/div[1]/filtermenu/div/div[2]/div[3]/div[3]/div[1]/i[2]</arg>
<doc>Click the element identified by ``locator``.</doc>
<status status="PASS" start="2024-10-15T12:30:56.772114" elapsed="0.229793"/>
</kw>
<kw name="Sleep" owner="BuiltIn">
<msg time="2024-10-15T12:30:59.003257" level="INFO">Slept 2 seconds.</msg>
<arg>2</arg>
<doc>Pauses the test executed for the given time.</doc>
<status status="PASS" start="2024-10-15T12:30:57.002910" elapsed="2.000347"/>
</kw>
<kw name="Click Element" owner="SeleniumLibrary">
<msg time="2024-10-15T12:30:59.004263" level="INFO">Clicking element 'xpath://html/body/main/div[2]/div/div[1]/filtermenu/div/div[2]/div[3]/div[3]/div[2]/div/div[31]/span[2]'.</msg>
<arg>xpath://html/body/main/div[2]/div/div[1]/filtermenu/div/div[2]/div[3]/div[3]/div[2]/div/div[31]/span[2]</arg>
<doc>Click the element identified by ``locator``.</doc>
<status status="PASS" start="2024-10-15T12:30:59.004263" elapsed="0.258456"/>
</kw>
<kw name="Sleep" owner="BuiltIn">
<msg time="2024-10-15T12:31:04.264877" level="INFO">Slept 5 seconds.</msg>
<arg>5</arg>
<doc>Pauses the test executed for the given time.</doc>
<status status="PASS" start="2024-10-15T12:30:59.264706" elapsed="5.000171"/>
</kw>
<kw name="Click Element" owner="SeleniumLibrary">
<msg time="2024-10-15T12:31:04.265397" level="INFO">Clicking element 'xpath://html/body/main/div[2]/div/div[1]/filtermenu/div/div[2]/div[3]/div[3]/div[2]/div/div[3]/div[1]/span'.</msg>
<arg>xpath://html/body/main/div[2]/div/div[1]/filtermenu/div/div[2]/div[3]/div[3]/div[2]/div/div[3]/div[1]/span</arg>
<doc>Click the element identified by ``locator``.</doc>
<status status="PASS" start="2024-10-15T12:31:04.265397" elapsed="0.225720"/>
</kw>
<status status="PASS" start="2024-10-15T12:30:42.614784" elapsed="21.876333"/>
</test>
<status status="PASS" start="2024-10-15T12:30:42.355550" elapsed="22.137570"/>
</suite>
<statistics>
<total>
<stat pass="1" fail="0" skip="0">All Tests</stat>
</total>
<tag>
</tag>
<suite>
<stat pass="1" fail="0" skip="0" id="s1" name="Jimms Test">Jimms Test</stat>
</suite>
</statistics>
<errors>
</errors>
</robot>
