<?xml version="1.0" encoding="UTF-8"?>
<robot generator="Robot 7.1 (Python 3.12.0 on win32)" generated="2024-10-10T13:46:55.960941" rpa="false" schemaversion="5">
<suite id="s1" name="Jimms Test" source="c:\Users\Lassi\Documents\GitHub\Ohjelmistotestaus\robot\jimms_test.robot">
<test id="s1-t1" name="Test_2" line="17">
<kw name="Open Browser" owner="SeleniumLibrary">
<msg time="2024-10-10T13:46:56.168939" level="INFO">Opening browser 'Firefox' to base url 'https://www.jimms.fi/'.</msg>
<arg>https://www.jimms.fi/</arg>
<arg>Firefox</arg>
<doc>Opens a new browser instance to the optional ``url``.</doc>
<status status="PASS" start="2024-10-10T13:46:56.167958" elapsed="6.423369"/>
</kw>
<kw name="Sleep" owner="BuiltIn">
<msg time="2024-10-10T13:47:04.592773" level="INFO">Slept 2 seconds.</msg>
<arg>2</arg>
<doc>Pauses the test executed for the given time.</doc>
<status status="PASS" start="2024-10-10T13:47:02.591327" elapsed="2.001446"/>
</kw>
<kw name="Click Button" owner="SeleniumLibrary">
<msg time="2024-10-10T13:47:04.593907" level="INFO">Clicking button 'Tilaa uutiskirje'.</msg>
<msg time="2024-10-10T13:47:04.757012" level="INFO" html="true">&lt;/td&gt;&lt;/tr&gt;&lt;tr&gt;&lt;td colspan="3"&gt;&lt;a href="selenium-screenshot-11.png"&gt;&lt;img src="selenium-screenshot-11.png" width="800px"&gt;&lt;/a&gt;</msg>
<msg time="2024-10-10T13:47:04.757012" level="FAIL">Button with locator 'Tilaa uutiskirje' not found.</msg>
<arg>${BUTTON_TEXT}</arg>
<doc>Clicks the button identified by ``locator``.</doc>
<status status="FAIL" start="2024-10-10T13:47:04.592773" elapsed="0.167239">Button with locator 'Tilaa uutiskirje' not found.</status>
</kw>
<kw name="Input Text" owner="SeleniumLibrary">
<arg>xpath:///*[@id="email"]</arg>
<arg>lassi23004@student.hamk.fi</arg>
<doc>Types the given ``text`` into the text field identified by ``locator``.</doc>
<status status="NOT RUN" start="2024-10-10T13:47:04.760012" elapsed="0.000000"/>
</kw>
<kw name="Click Button" owner="SeleniumLibrary">
<arg>xpath://html/body/main/div/div/form/div[3]/input</arg>
<doc>Clicks the button identified by ``locator``.</doc>
<status status="NOT RUN" start="2024-10-10T13:47:04.761013" elapsed="0.000000"/>
</kw>
<status status="FAIL" start="2024-10-10T13:46:56.166947" elapsed="8.594066">Button with locator 'Tilaa uutiskirje' not found.</status>
</test>
<status status="FAIL" start="2024-10-10T13:46:55.966941" elapsed="8.795072"/>
</suite>
<statistics>
<total>
<stat pass="0" fail="1" skip="0">All Tests</stat>
</total>
<tag>
</tag>
<suite>
<stat pass="0" fail="1" skip="0" id="s1" name="Jimms Test">Jimms Test</stat>
</suite>
</statistics>
<errors>
</errors>
</robot>
